2025-07-12 11:27:46,129 INFO: 实验参数:
2025-07-12 11:27:46,129 INFO: seed: 0
2025-07-12 11:27:46,129 INFO: exp: joint_cl_exp
2025-07-12 11:27:46,129 INFO: data_root: ../data
2025-07-12 11:27:46,129 INFO: dataset: MUTAG
2025-07-12 11:27:46,129 INFO: gpu: 0
2025-07-12 11:27:46,129 INFO: epochs: 30
2025-07-12 11:27:46,129 INFO: n_fold: 5
2025-07-12 11:27:46,129 INFO: batch_size: 16
2025-07-12 11:27:46,129 INFO: lr: 0.001
2025-07-12 11:27:46,129 INFO: lr_decay_factor: 0.5
2025-07-12 11:27:46,129 INFO: lr_decay_step_size: 50
2025-07-12 11:27:46,129 INFO: weight_decay: 1e-05
2025-07-12 11:27:46,129 INFO: epoch_select: test_max
2025-07-12 11:27:46,129 INFO: hidden: 128
2025-07-12 11:27:46,129 INFO: n_conv_layers: 4
2025-07-12 11:27:46,129 INFO: add_mask: False
2025-07-12 11:27:46,129 INFO: save: joint_cl_exp
2025-07-12 11:27:46,129 INFO: with_eval_mode: True
2025-07-12 11:27:46,129 INFO: semi_split: 10
2025-07-12 11:34:55,548 INFO: 实验参数:
2025-07-12 11:34:55,550 INFO: seed: 0
2025-07-12 11:34:55,551 INFO: exp: joint_cl_exp
2025-07-12 11:34:55,551 INFO: data_root: ../data
2025-07-12 11:34:55,551 INFO: dataset: MUTAG
2025-07-12 11:34:55,551 INFO: gpu: 0
2025-07-12 11:34:55,551 INFO: epochs: 30
2025-07-12 11:34:55,551 INFO: n_fold: 5
2025-07-12 11:34:55,551 INFO: batch_size: 16
2025-07-12 11:34:55,551 INFO: lr: 0.001
2025-07-12 11:34:55,551 INFO: lr_decay_factor: 0.5
2025-07-12 11:34:55,553 INFO: lr_decay_step_size: 50
2025-07-12 11:34:55,553 INFO: weight_decay: 1e-05
2025-07-12 11:34:55,553 INFO: epoch_select: test_max
2025-07-12 11:34:55,553 INFO: hidden: 128
2025-07-12 11:34:55,553 INFO: n_conv_layers: 4
2025-07-12 11:34:55,554 INFO: add_mask: False
2025-07-12 11:34:55,554 INFO: save: joint_cl_exp
2025-07-12 11:34:55,554 INFO: with_eval_mode: True
2025-07-12 11:34:55,554 INFO: semi_split: 10
2025-10-12 19:46:48,531 INFO: 实验参数:
2025-10-12 19:46:48,541 INFO: seed: 0
2025-10-12 19:46:48,541 INFO: exp: joint_cl_exp
2025-10-12 19:46:48,541 INFO: data_root: ../data
2025-10-12 19:46:48,541 INFO: dataset: MUTAG
2025-10-12 19:46:48,541 INFO: gpu: 0
2025-10-12 19:46:48,542 INFO: epochs: 30
2025-10-12 19:46:48,542 INFO: n_fold: 5
2025-10-12 19:46:48,542 INFO: batch_size: 128
2025-10-12 19:46:48,542 INFO: lr: 0.01
2025-10-12 19:46:48,542 INFO: lr_decay_factor: 0.5
2025-10-12 19:46:48,542 INFO: lr_decay_step_size: 50
2025-10-12 19:46:48,543 INFO: weight_decay: 1e-05
2025-10-12 19:46:48,543 INFO: epoch_select: test_max
2025-10-12 19:46:48,543 INFO: hidden: 128
2025-10-12 19:46:48,543 INFO: n_conv_layers: 3
2025-10-12 19:46:48,543 INFO: add_mask: False
2025-10-12 19:46:48,543 INFO: save: joint_cl_exp
2025-10-12 19:46:48,544 INFO: with_eval_mode: True
2025-10-12 19:46:48,544 INFO: semi_split: 10
